Determining if the pthread_create exist failed with the following output:
Change Dir: /home/Robocar/stack/build/CMakeFiles/CMakeTmp

Run Build Command:"/usr/bin/make" "cmTC_69bd7/fast"
/usr/bin/make -f CMakeFiles/cmTC_69bd7.dir/build.make CMakeFiles/cmTC_69bd7.dir/build
make[1]: Entering directory '/home/Robocar/stack/build/CMakeFiles/CMakeTmp'
Building C object CMakeFiles/cmTC_69bd7.dir/CheckSymbolExists.c.o
/usr/bin/cc     -o CMakeFiles/cmTC_69bd7.dir/CheckSymbolExists.c.o   -c /home/Robocar/stack/build/CMakeFiles/CMakeTmp/CheckSymbolExists.c
Linking C executable cmTC_69bd7
/usr/bin/cmake -E cmake_link_script CMakeFiles/cmTC_69bd7.dir/link.txt --verbose=1
/usr/bin/cc       CMakeFiles/cmTC_69bd7.dir/CheckSymbolExists.c.o  -o cmTC_69bd7 -rdynamic 
CMakeFiles/cmTC_69bd7.dir/CheckSymbolExists.c.o: In function `main':
CheckSymbolExists.c:(.text+0x16): undefined reference to `pthread_create'
collect2: error: ld returned 1 exit status
CMakeFiles/cmTC_69bd7.dir/build.make:97: recipe for target 'cmTC_69bd7' failed
make[1]: *** [cmTC_69bd7] Error 1
make[1]: Leaving directory '/home/Robocar/stack/build/CMakeFiles/CMakeTmp'
Makefile:126: recipe for target 'cmTC_69bd7/fast' failed
make: *** [cmTC_69bd7/fast] Error 2

File /home/Robocar/stack/build/CMakeFiles/CMakeTmp/CheckSymbolExists.c:
/* */
#include <pthread.h>

int main(int argc, char** argv)
{
  (void)argv;
#ifndef pthread_create
  return ((int*)(&pthread_create))[argc];
#else
  (void)argc;
  return 0;
#endif
}

Determining if the function pthread_create exists in the pthreads failed with the following output:
Change Dir: /home/Robocar/stack/build/CMakeFiles/CMakeTmp

Run Build Command:"/usr/bin/make" "cmTC_7905d/fast"
/usr/bin/make -f CMakeFiles/cmTC_7905d.dir/build.make CMakeFiles/cmTC_7905d.dir/build
make[1]: Entering directory '/home/Robocar/stack/build/CMakeFiles/CMakeTmp'
Building C object CMakeFiles/cmTC_7905d.dir/CheckFunctionExists.c.o
/usr/bin/cc    -DCHECK_FUNCTION_EXISTS=pthread_create   -o CMakeFiles/cmTC_7905d.dir/CheckFunctionExists.c.o   -c /usr/share/cmake-3.5/Modules/CheckFunctionExists.c
Linking C executable cmTC_7905d
/usr/bin/cmake -E cmake_link_script CMakeFiles/cmTC_7905d.dir/link.txt --verbose=1
/usr/bin/cc   -DCHECK_FUNCTION_EXISTS=pthread_create    CMakeFiles/cmTC_7905d.dir/CheckFunctionExists.c.o  -o cmTC_7905d -rdynamic -lpthreads 
/usr/bin/ld: cannot find -lpthreads
collect2: error: ld returned 1 exit status
CMakeFiles/cmTC_7905d.dir/build.make:97: recipe for target 'cmTC_7905d' failed
make[1]: *** [cmTC_7905d] Error 1
make[1]: Leaving directory '/home/Robocar/stack/build/CMakeFiles/CMakeTmp'
Makefile:126: recipe for target 'cmTC_7905d/fast' failed
make: *** [cmTC_7905d/fast] Error 2


